2023-11-18 21:51:39,254 DEBUG    root            Loaded Command Group: ['gcloud', 'config']
2023-11-18 21:51:39,264 DEBUG    root            Loaded Command Group: ['gcloud', 'config', 'config_helper']
2023-11-18 21:51:39,265 DEBUG    root            Running [gcloud.config.config-helper] with arguments: [--format: "json"]
2023-11-18 21:51:39,298 DEBUG    root            Chosen display Format:default json
2023-11-18 21:51:39,299 INFO     root            Display format: "default json"
2023-11-18 21:51:39,299 INFO     ___FILE_ONLY___ {
  "configuration": {
    "active_configuration": "default",
    "properties": {
      "auth": {
        "impersonate_service_account": ""
      },
      "compute": {
        "region": "europe-west1",
        "zone": "europe-west1-d"
      },
      "core": {
        "account": "timur.khamrakulov@yassir.com",
        "disable_usage_reporting": "True",
        "project": "ysr-ghrunner-prd"
      }
    }
  },
  "credential": {
    "access_token": "ya29.a0AfB_byCsub7bFI70_3YtrdFpWMwiWASWLD5u2JZRYfpQTW35uScXwHjicTWWLCYjdn8QayWhqEkFQ8htzKDiwIK7Fa60K0Uf00pcTjjN0M7cDTVF0sqMzot0O_TLRgpwMTzwTY3yt4KDtKHhQW5auOhcWcWDZo4XUNfaprLmr0TqaCgYKAUUSARASFQHGX2MiA80gQzqJyCOWXJJFosp2fw0179",
    "id_token": "eyJhbGciOiJSUzI1NiIsImtpZCI6IjViMzcwNjk2MGUzZTYwMDI0YTI2NTVlNzhjZmE2M2Y4N2M5N2QzMDkiLCJ0eXAiOiJKV1QifQ.eyJpc3MiOiJodHRwczovL2FjY291bnRzLmdvb2dsZS5jb20iLCJhenAiOiIzMjU1NTk0MDU1OS5hcHBzLmdvb2dsZXVzZXJjb250ZW50LmNvbSIsImF1ZCI6IjMyNTU1OTQwNTU5LmFwcHMuZ29vZ2xldXNlcmNvbnRlbnQuY29tIiwic3ViIjoiMTAxMTgwMDU4NjQ0OTY0OTA4Nzk0IiwiaGQiOiJ5YXNzaXIuY29tIiwiZW1haWwiOiJ0aW11ci5raGFtcmFrdWxvdkB5YXNzaXIuY29tIiwiZW1haWxfdmVyaWZpZWQiOnRydWUsImF0X2hhc2giOiJ0SldPNTVGX1RjTHNraTV5MWJTaVFBIiwiaWF0IjoxNzAwMzM5NjQyLCJleHAiOjE3MDAzNDMyNDJ9.ZZ7B1e4zCq3tUOVask5b0uAaZfqeAx8pJoTC-d2YWCoWSMG13sZ90CH8jw1Oa0_KPlIDAdR62uDRLXPqfezgXcXnT0Hr_jWAvMDL6wPfYx0xtt2iLRtIok18iUpzhUdHMn81-B3MfJoVj3nqRHpjjNC07aZ4mGfPZJqLQDgeooxLPD2HrUFY2yHRAluott9TbeZA9Btb8XoB2BLmbNr2vQ2tlC0E2kWuEV3B4qE4f1ozRtptrFtMkgHGOY35rJoOjPXl29UUnhiXPsEDtJ4oI0-KJfAjo791b_FHIpzlFtPsQMUWXKB4xc2X1EWJo9pxF9h-xBb81iq_JHmcD8z0Mw",
    "token_expiry": "2023-11-18T21:34:01Z"
  },
  "sentinels": {
    "config_sentinel": "/home/timur/.config/gcloud/config_sentinel"
  }
}
2023-11-18 21:51:39,299 INFO     ___FILE_ONLY___ 

