2023-11-25 08:29:28,203 DEBUG    root            Loaded Command Group: ['gcloud', 'config']
2023-11-25 08:29:28,205 DEBUG    root            Loaded Command Group: ['gcloud', 'config', 'config_helper']
2023-11-25 08:29:28,208 DEBUG    root            Running [gcloud.config.config-helper] with arguments: [--format: "json"]
2023-11-25 08:29:28,214 DEBUG    root            Chosen display Format:default json
2023-11-25 08:29:28,214 INFO     root            Display format: "default json"
2023-11-25 08:29:28,214 INFO     ___FILE_ONLY___ {
  "configuration": {
    "active_configuration": "default",
    "properties": {
      "auth": {
        "impersonate_service_account": ""
      },
      "compute": {
        "region": "europe-west1",
        "zone": "europe-west1-d"
      },
      "core": {
        "account": "timur.khamrakulov@yassir.com",
        "disable_usage_reporting": "True",
        "project": "ysr-ghrunner-prd"
      }
    }
  },
  "credential": {
    "access_token": "ya29.a0AfB_byCrfhWqkCoYkUMJ-e_2NMGl7gM_i9yXbxEFEhYXf_RBDZFEbopL65RlXsGgb9My_f_SL9fxIGJI3ru80z3uZ4QgLFoi6x2xjwB6YeDTmbYRhf8hYsg1JtFfraLAckQYPngHu3Qw0zWJEowWqD7QFygkpvocCVE_8U6Z9iW2aCgYKAQsSARASFQHGX2MiuWpj693eRvBa-Glw0q-KXw0179",
    "id_token": "eyJhbGciOiJSUzI1NiIsImtpZCI6IjBlNzJkYTFkZjUwMWNhNmY3NTZiZjEwM2ZkN2M3MjAyOTQ3NzI1MDYiLCJ0eXAiOiJKV1QifQ.eyJpc3MiOiJodHRwczovL2FjY291bnRzLmdvb2dsZS5jb20iLCJhenAiOiIzMjU1NTk0MDU1OS5hcHBzLmdvb2dsZXVzZXJjb250ZW50LmNvbSIsImF1ZCI6IjMyNTU1OTQwNTU5LmFwcHMuZ29vZ2xldXNlcmNvbnRlbnQuY29tIiwic3ViIjoiMTAxMTgwMDU4NjQ0OTY0OTA4Nzk0IiwiaGQiOiJ5YXNzaXIuY29tIiwiZW1haWwiOiJ0aW11ci5raGFtcmFrdWxvdkB5YXNzaXIuY29tIiwiZW1haWxfdmVyaWZpZWQiOnRydWUsImF0X2hhc2giOiI4aGhTVTJ0di14WDZYaDF3Uk9qMXF3IiwiaWF0IjoxNzAwODk3MzU2LCJleHAiOjE3MDA5MDA5NTZ9.Br9dEgO0IE5PLg75l1d2I8bOyUYooW5nnRZy4Zcml7LBpem1liCd2ckhfziI08z8w03LWxxGJnkcPzWH_TCsSX5dPSnpHVx8N-9-6eVt5sAolR8fUNDMw_zoBeQEXuZe02qfHm5V2J-dPDRnWlTsw7w9ih_DhgOqvqWvKu4nTEwSyjDIAA50biG3p-EzBkLG8VztlXHlMjsEt7oOBY63FC7CqOqC7KnH7B2mem8dQyjlUyMO92T8tN50mt1Fn_P7fpFL5iW1yULgmNpZrRMZka_KRcnxrgJapJZT1wKLX9V2bghLceyh3c3djt0beEPQYRj0MeDDOpAS-Rjzmq-okA",
    "token_expiry": "2023-11-25T08:29:15Z"
  },
  "sentinels": {
    "config_sentinel": "/home/timur/.config/gcloud/config_sentinel"
  }
}
2023-11-25 08:29:28,215 INFO     ___FILE_ONLY___ 

