[2023-01-10 17:14:24.000] [error] TypeError: Object has been destroyed
    at WindowMain.<anonymous> (/usr/lib/bitwarden/app.asar/main.js:50081:36)
    at Generator.next (<anonymous>)
    at /usr/lib/bitwarden/app.asar/main.js:49895:71
    at new Promise (<anonymous>)
    at window_main_awaiter (/usr/lib/bitwarden/app.asar/main.js:49891:12)
    at WindowMain.updateWindowState (/usr/lib/bitwarden/app.asar/main.js:50076:16)
    at WindowMain.<anonymous> (/usr/lib/bitwarden/app.asar/main.js:50030:28)
    at Generator.next (<anonymous>)
    at /usr/lib/bitwarden/app.asar/main.js:49895:71
    at new Promise (<anonymous>)
[2023-01-10 18:03:43.987] [error] TypeError: Object has been destroyed
    at WindowMain.<anonymous> (/usr/lib/bitwarden/app.asar/main.js:50081:36)
    at Generator.next (<anonymous>)
    at /usr/lib/bitwarden/app.asar/main.js:49895:71
    at new Promise (<anonymous>)
    at window_main_awaiter (/usr/lib/bitwarden/app.asar/main.js:49891:12)
    at WindowMain.updateWindowState (/usr/lib/bitwarden/app.asar/main.js:50076:16)
    at WindowMain.<anonymous> (/usr/lib/bitwarden/app.asar/main.js:50030:28)
    at Generator.next (<anonymous>)
    at /usr/lib/bitwarden/app.asar/main.js:49895:71
    at new Promise (<anonymous>)
